<?xml version="1.0" encoding="UTF-8"?>
<!-- Generated by org.testng.reporters.JUnitReportReporter -->
<testsuite hostname="DESKTOP-1OQVAD7" failures="0" tests="4" name="extra.PracticeScript1" time="4.561" errors="0" timestamp="2024-06-02T11:56:04 IST" skipped="0">
  <testcase classname="extra.PracticeScript1" name="test1" time="2.169"/>
  <system-out/>
  <testcase classname="extra.PracticeScript1" name="test2" time="2.166"/>
  <system-out/>
  <testcase classname="extra.PracticeScript1" name="test3" time="0.024"/>
  <system-out>
    <![CDATA[test passed]]>
  </system-out>
  <testcase classname="extra.PracticeScript1" name="test4" time="0.202"/>
  <system-out/>
</testsuite> <!-- extra.PracticeScript1 -->
