<?xml version="1.0" encoding="UTF-8"?>
<!-- Generated by org.testng.reporters.JUnitReportReporter -->
<testsuite hostname="DESKTOP-1OQVAD7" failures="0" tests="3" name="extra.PracticeScript1" time="8.982" errors="0" timestamp="2024-06-02T11:36:54 IST" skipped="0">
  <testcase classname="extra.PracticeScript1" name="test1" time="7.103"/>
  <system-out/>
  <testcase classname="extra.PracticeScript1" name="test2" time="1.657"/>
  <system-out/>
  <testcase classname="extra.PracticeScript1" name="test3" time="0.222"/>
  <system-out/>
</testsuite> <!-- extra.PracticeScript1 -->
